Determining if the pthread_create exist failed with the following output:
Change Dir: /home/monica/panda_work/build/CMakeFiles/CMakeTmp

Run Build Command:/usr/bin/make "cmTryCompileExec769249390/fast"
/usr/bin/make -f CMakeFiles/cmTryCompileExec769249390.dir/build.make CMakeFiles/cmTryCompileExec769249390.dir/build
make[1]: Entering directory `/home/monica/panda_work/build/CMakeFiles/CMakeTmp'
/usr/bin/cmake -E cmake_progress_report /home/monica/panda_work/build/CMakeFiles/CMakeTmp/CMakeFiles 1
Building C object CMakeFiles/cmTryCompileExec769249390.dir/CheckSymbolExists.c.o
/usr/bin/cc    -o CMakeFiles/cmTryCompileExec769249390.dir/CheckSymbolExists.c.o   -c /home/monica/panda_work/build/CMakeFiles/CMakeTmp/CheckSymbolExists.c
Linking C executable cmTryCompileExec769249390
/usr/bin/cmake -E cmake_link_script CMakeFiles/cmTryCompileExec769249390.dir/link.txt --verbose=1
/usr/bin/cc       CMakeFiles/cmTryCompileExec769249390.dir/CheckSymbolExists.c.o  -o cmTryCompileExec769249390 -rdynamic 
CMakeFiles/cmTryCompileExec769249390.dir/CheckSymbolExists.c.o: In function `main':
CheckSymbolExists.c:(.text+0x16): undefined reference to `pthread_create'
collect2: error: ld returned 1 exit status
make[1]: *** [cmTryCompileExec769249390] Error 1
make[1]: Leaving directory `/home/monica/panda_work/build/CMakeFiles/CMakeTmp'
make: *** [cmTryCompileExec769249390/fast] Error 2

File /home/monica/panda_work/build/CMakeFiles/CMakeTmp/CheckSymbolExists.c:
/* */
#include <pthread.h>

int main(int argc, char** argv)
{
  (void)argv;
#ifndef pthread_create
  return ((int*)(&pthread_create))[argc];
#else
  (void)argc;
  return 0;
#endif
}

Determining if the function pthread_create exists in the pthreads failed with the following output:
Change Dir: /home/monica/panda_work/build/CMakeFiles/CMakeTmp

Run Build Command:/usr/bin/make "cmTryCompileExec1587759606/fast"
/usr/bin/make -f CMakeFiles/cmTryCompileExec1587759606.dir/build.make CMakeFiles/cmTryCompileExec1587759606.dir/build
make[1]: Entering directory `/home/monica/panda_work/build/CMakeFiles/CMakeTmp'
/usr/bin/cmake -E cmake_progress_report /home/monica/panda_work/build/CMakeFiles/CMakeTmp/CMakeFiles 1
Building C object CMakeFiles/cmTryCompileExec1587759606.dir/CheckFunctionExists.c.o
/usr/bin/cc   -DCHECK_FUNCTION_EXISTS=pthread_create   -o CMakeFiles/cmTryCompileExec1587759606.dir/CheckFunctionExists.c.o   -c /usr/share/cmake-2.8/Modules/CheckFunctionExists.c
Linking C executable cmTryCompileExec1587759606
/usr/bin/cmake -E cmake_link_script CMakeFiles/cmTryCompileExec1587759606.dir/link.txt --verbose=1
/usr/bin/cc   -DCHECK_FUNCTION_EXISTS=pthread_create    CMakeFiles/cmTryCompileExec1587759606.dir/CheckFunctionExists.c.o  -o cmTryCompileExec1587759606 -rdynamic -lpthreads 
/usr/bin/ld: cannot find -lpthreads
collect2: error: ld returned 1 exit status
make[1]: *** [cmTryCompileExec1587759606] Error 1
make[1]: Leaving directory `/home/monica/panda_work/build/CMakeFiles/CMakeTmp'
make: *** [cmTryCompileExec1587759606/fast] Error 2


